{
  "RSpec": {
    "coverage": {
      "/home/ad/fshome1/u1/e/ernopaun/Linux/Gitit/ratebeer/app/models/rating.rb": [
        1,
        1,
        1,
        1,
        null,
        1,
        21,
        null,
        null,
        null
      ],
      "/home/ad/fshome1/u1/e/ernopaun/Linux/Gitit/ratebeer/app/helpers/application_helper.rb": [
        1,
        null
      ],
      "/home/ad/fshome1/u1/e/ernopaun/Linux/Gitit/ratebeer/app/helpers/beers_helper.rb": [
        1,
        null
      ],
      "/home/ad/fshome1/u1/e/ernopaun/Linux/Gitit/ratebeer/app/helpers/breweries_helper.rb": [
        1,
        null
      ],
      "/home/ad/fshome1/u1/e/ernopaun/Linux/Gitit/ratebeer/app/helpers/users_helper.rb": [
        1,
        null
      ],
      "/home/ad/fshome1/u1/e/ernopaun/Linux/Gitit/ratebeer/app/models/beer.rb": [
        1,
        1,
        1,
        1,
        1,
        1,
        1,
        null,
        1,
        16,
        null,
        null
      ],
      "/home/ad/fshome1/u1/e/ernopaun/Linux/Gitit/ratebeer/app/models/concerns/rating_average.rb": [
        1,
        1,
        1,
        12,
        null,
        null
      ],
      "/home/ad/fshome1/u1/e/ernopaun/Linux/Gitit/ratebeer/app/models/brewery.rb": [
        1,
        1,
        1,
        1,
        1,
        1,
        null,
        1,
        0,
        0,
        0,
        null,
        null,
        1,
        0,
        0,
        null,
        null,
        1,
        9,
        null,
        null,
        null,
        null,
        null,
        null
      ],
      "/home/ad/fshome1/u1/e/ernopaun/Linux/Gitit/ratebeer/app/models/user.rb": [
        1,
        1,
        1,
        1,
        null,
        null,
        1,
        null,
        null,
        null,
        null,
        null,
        1,
        1,
        null,
        1,
        3,
        2,
        null,
        null,
        1,
        0,
        null,
        0,
        null,
        null,
        null
      ],
      "/home/ad/fshome1/u1/e/ernopaun/Linux/Gitit/ratebeer/app/controllers/beers_controller.rb": [
        1,
        1,
        null,
        null,
        null,
        1,
        4,
        null,
        null,
        null,
        null,
        1,
        null,
        null,
        null,
        1,
        2,
        2,
        2,
        null,
        null,
        null,
        1,
        0,
        0,
        null,
        null,
        null,
        null,
        1,
        2,
        null,
        2,
        2,
        2,
        1,
        null,
        1,
        1,
        2,
        1,
        null,
        null,
        null,
        null,
        null,
        null,
        1,
        0,
        0,
        0,
        0,
        null,
        0,
        0,
        null,
        null,
        null,
        null,
        null,
        null,
        1,
        0,
        0,
        0,
        0,
        null,
        null,
        null,
        1,
        null,
        1,
        0,
        null,
        null,
        null,
        1,
        2,
        null,
        null
      ],
      "/home/ad/fshome1/u1/e/ernopaun/Linux/Gitit/ratebeer/app/controllers/application_controller.rb": [
        1,
        null,
        null,
        1,
        null,
        null,
        1,
        null,
        1,
        122,
        103,
        null,
        null
      ],
      "/home/ad/fshome1/u1/e/ernopaun/Linux/Gitit/ratebeer/app/controllers/breweries_controller.rb": [
        1,
        1,
        1,
        1,
        null,
        null,
        null,
        1,
        3,
        null,
        null,
        null,
        null,
        1,
        null,
        null,
        null,
        1,
        0,
        null,
        null,
        null,
        1,
        null,
        null,
        null,
        null,
        1,
        0,
        null,
        0,
        0,
        0,
        0,
        null,
        0,
        0,
        null,
        null,
        null,
        null,
        null,
        null,
        1,
        0,
        0,
        0,
        0,
        null,
        0,
        0,
        null,
        null,
        null,
        null,
        null,
        null,
        1,
        0,
        0,
        0,
        0,
        null,
        null,
        null,
        1,
        0,
        0,
        null,
        null,
        1,
        null,
        1,
        0,
        0,
        0,
        null,
        null,
        null,
        null,
        null,
        1,
        1,
        null,
        null,
        null,
        1,
        0,
        null,
        null,
        null
      ],
      "/home/ad/fshome1/u1/e/ernopaun/Linux/Gitit/ratebeer/app/controllers/sessions_controller.rb": [
        1,
        1,
        null,
        null,
        null,
        1,
        4,
        4,
        4,
        4,
        null,
        0,
        null,
        null,
        null,
        1,
        null,
        0,
        null,
        0,
        null,
        null,
        null
      ],
      "/home/ad/fshome1/u1/e/ernopaun/Linux/Gitit/ratebeer/app/controllers/users_controller.rb": [
        1,
        1,
        null,
        null,
        null,
        1,
        1,
        null,
        null,
        null,
        null,
        1,
        null,
        null,
        null,
        1,
        1,
        null,
        null,
        null,
        1,
        null,
        null,
        null,
        null,
        1,
        1,
        null,
        1,
        1,
        2,
        1,
        null,
        0,
        0,
        null,
        null,
        null,
        null,
        null,
        null,
        1,
        0,
        0,
        0,
        0,
        0,
        null,
        0,
        0,
        null,
        null,
        null,
        0,
        null,
        null,
        null,
        null,
        null,
        1,
        1,
        1,
        1,
        2,
        1,
        null,
        1,
        null,
        0,
        null,
        null,
        null,
        1,
        null,
        1,
        16,
        null,
        null,
        null,
        1,
        1,
        null,
        null
      ],
      "/home/ad/fshome1/u1/e/ernopaun/Linux/Gitit/ratebeer/app/controllers/ratings_controller.rb": [
        1,
        1,
        1,
        null,
        null,
        1,
        8,
        null,
        8,
        0,
        8,
        8,
        8,
        null,
        0,
        0,
        null,
        null,
        null,
        1,
        8,
        8,
        null,
        null,
        1,
        0,
        0,
        0,
        null,
        null,
        null
      ]
    },
    "timestamp": 1455294517
  }
}
